<?xml version="1.0" encoding="UTF-8"?>
<!-- Generated by org.testng.reporters.JUnitReportReporter -->
<testsuite skipped="0" hostname="David-Desktop" name="com.framework.tests.TestPartTwo" tests="1" failures="0" timestamp="12 oct 2020 16:11:51 GMT" time="10.350" errors="0">
  <testcase name="productOverviewTest" time="10.350" classname="com.framework.tests.TestPartTwo"/>
</testsuite> <!-- com.framework.tests.TestPartTwo -->
